<?xml version="1.0" encoding="UTF-8"?>
<!-- Generated by org.testng.reporters.JUnitReportReporter -->
<testsuite hostname="LAPTOP-Q87DJLK4" failures="0" tests="5" name="com.test.TestRest" time="5.232" errors="0" timestamp="2021-08-28T13:25:00 IST" skipped="4">
  <testcase classname="com.test.TestRest" name="test" time="5.232"/>
  <system-out/>
  <testcase classname="com.test.TestRest" name="put">
    <skipped/>
  </testcase> <!-- put -->
  <system-out/>
  <testcase classname="com.test.TestRest" name="delete">
    <skipped/>
  </testcase> <!-- delete -->
  <system-out/>
  <testcase classname="com.test.TestRest" name="Post">
    <skipped/>
  </testcase> <!-- Post -->
  <system-out/>
  <testcase classname="com.test.TestRest" name="patch">
    <skipped/>
  </testcase> <!-- patch -->
  <system-out/>
</testsuite> <!-- com.test.TestRest -->
