<?xml version="1.0" encoding="UTF-8"?>
<!-- Generated by org.testng.reporters.JUnitReportReporter -->
<testsuite hostname="LAPTOP-Q87DJLK4" failures="0" tests="1" name="com.test.jasonvalidation" time="2.067" errors="0" timestamp="2021-07-21T13:01:29 IST" skipped="0">
  <testcase classname="com.test.jasonvalidation" name="test2" time="2.067"/>
  <system-out/>
</testsuite> <!-- com.test.jasonvalidation -->
