<?xml version="1.0" encoding="UTF-8"?>
<!-- Generated by org.testng.reporters.JUnitReportReporter -->
<testsuite hostname="LAPTOP-Q87DJLK4" failures="0" tests="2" name="com.test.Uploaddownload" time="4.101" errors="0" timestamp="2021-07-20T19:44:06 IST" skipped="1">
  <testcase classname="com.test.Uploaddownload" name="downlaod" time="4.101"/>
  <system-out/>
  <testcase classname="com.test.Uploaddownload" name="Upload">
    <skipped/>
  </testcase> <!-- Upload -->
  <system-out/>
</testsuite> <!-- com.test.Uploaddownload -->
