<?xml version="1.0" encoding="UTF-8"?>
<!-- Generated by org.testng.reporters.JUnitReportReporter -->
<testsuite hostname="LAPTOP-Q87DJLK4" failures="0" tests="1" name="com.test.PayloadTest" time="2.386" errors="0" timestamp="2021-07-20T12:07:08 IST" skipped="0">
  <testcase classname="com.test.PayloadTest" name="test" time="2.386"/>
  <system-out/>
</testsuite> <!-- com.test.PayloadTest -->
