<?xml version="1.0" encoding="UTF-8"?>
<!-- Generated by org.testng.reporters.JUnitReportReporter -->
<testsuite hostname="LAPTOP-Q87DJLK4" failures="0" tests="2" name="com.test.Pojomain" time="3.923" errors="0" timestamp="2021-08-01T16:37:49 IST" skipped="0">
  <testcase classname="com.test.Pojomain" name="test" time="3.397"/>
  <system-out/>
  <testcase classname="com.test.Pojomain" name="test" time="0.526"/>
  <system-out/>
</testsuite> <!-- com.test.Pojomain -->
